<?xml version="1.0" encoding="UTF-8"?>
<testng-results skipped="0" failed="2" total="3" passed="1">
  <reporter-output>
  </reporter-output>
  <suite name="Indigo BAT Suite" duration-ms="155290" started-at="2022-10-19T04:58:42Z" finished-at="2022-10-19T05:01:17Z">
    <groups>
    </groups>
    <test name="Application Signin" duration-ms="23591" started-at="2022-10-19T04:58:42Z" finished-at="2022-10-19T04:59:06Z">
      <class name="com.indigo.fuzzy.selenium.core.FusionSignin">
        <test-method status="FAIL" signature="fusionLogin()[pri:0, instance:com.indigo.fuzzy.selenium.core.FusionSignin@6d5709b7]" name="fusionLogin" duration-ms="22580" started-at="2022-10-19T10:28:43Z" finished-at="2022-10-19T10:29:05Z">
          <exception class="java.lang.Exception">
            <message>
              <![CDATA[Unable to Login. Check with user account status / credentials.]]>
            </message>
            <full-stacktrace>
              <![CDATA[java.lang.Exception: Unable to Login. Check with user account status / credentials.
	at com.indigo.fuzzy.selenium.core.FusionSignin.fusionLogin(FusionSignin.java:107)
	at sun.reflect.NativeMethodAccessorImpl.invoke0(Native Method)
	at sun.reflect.NativeMethodAccessorImpl.invoke(Unknown Source)
	at sun.reflect.DelegatingMethodAccessorImpl.invoke(Unknown Source)
	at java.lang.reflect.Method.invoke(Unknown Source)
	at org.testng.internal.MethodInvocationHelper.invokeMethod(MethodInvocationHelper.java:86)
	at org.testng.internal.Invoker.invokeMethod(Invoker.java:643)
	at org.testng.internal.Invoker.invokeTestMethod(Invoker.java:820)
	at org.testng.internal.Invoker.invokeTestMethods(Invoker.java:1128)
	at org.testng.internal.TestMethodWorker.invokeTestMethods(TestMethodWorker.java:129)
	at org.testng.internal.TestMethodWorker.run(TestMethodWorker.java:112)
	at org.testng.TestRunner.privateRun(TestRunner.java:782)
	at org.testng.TestRunner.run(TestRunner.java:632)
	at org.testng.SuiteRunner.runTest(SuiteRunner.java:366)
	at org.testng.SuiteRunner.runSequentially(SuiteRunner.java:361)
	at org.testng.SuiteRunner.privateRun(SuiteRunner.java:319)
	at org.testng.SuiteRunner.run(SuiteRunner.java:268)
	at org.testng.SuiteRunnerWorker.runSuite(SuiteRunnerWorker.java:52)
	at org.testng.SuiteRunnerWorker.run(SuiteRunnerWorker.java:86)
	at org.testng.TestNG.runSuitesSequentially(TestNG.java:1244)
	at org.testng.TestNG.runSuitesLocally(TestNG.java:1169)
	at org.testng.TestNG.run(TestNG.java:1064)
	at com.indigo.fuzzy.selenium.controls.TestNGParallelConfig.run(TestNGParallelConfig.java:104)
	at java.lang.Thread.run(Unknown Source)
]]>
            </full-stacktrace>
          </exception> <!-- java.lang.Exception -->
          <reporter-output>
          </reporter-output>
        </test-method> <!-- fusionLogin -->
      </class> <!-- com.indigo.fuzzy.selenium.core.FusionSignin -->
    </test> <!-- Application Signin -->
    <test name="Application SignOut" duration-ms="124436" started-at="2022-10-19T04:59:07Z" finished-at="2022-10-19T05:01:11Z">
      <class name="com.indigo.fuzzy.selenium.core.FusionSignout">
        <test-method status="FAIL" signature="fusionSignout()[pri:0, instance:com.indigo.fuzzy.selenium.core.FusionSignout@21d0539a]" name="fusionSignout" duration-ms="123749" started-at="2022-10-19T10:29:07Z" finished-at="2022-10-19T10:31:11Z">
          <exception class="org.openqa.selenium.NoSuchElementException">
            <message>
              <![CDATA[Expected condition failed: waiting for visibility of element located by By.xpath: //*[@id='homePagePersonName'] (tried for 40 second(s) with 500 milliseconds interval)
For documentation on this error, please visit: https://www.seleniumhq.org/exceptions/no_such_element.html
Build info: version: '3.141.59', revision: 'e82be7d358', time: '2018-11-14T08:17:03'
System info: host: 'ERD-L162', ip: '192.168.137.1', os.name: 'Windows 10', os.arch: 'amd64', os.version: '10.0', java.version: '1.8.0_161'
Driver info: driver.version: unknown
For documentation on this error, please visit: https://www.seleniumhq.org/exceptions/no_such_element.html
Build info: version: '3.141.59', revision: 'e82be7d358', time: '2018-11-14T08:17:03'
System info: host: 'ERD-L162', ip: '192.168.137.1', os.name: 'Windows 10', os.arch: 'amd64', os.version: '10.0', java.version: '1.8.0_161'
Driver info: driver.version: unknown]]>
            </message>
            <full-stacktrace>
              <![CDATA[org.openqa.selenium.NoSuchElementException: Expected condition failed: waiting for visibility of element located by By.xpath: //*[@id='homePagePersonName'] (tried for 40 second(s) with 500 milliseconds interval)
For documentation on this error, please visit: https://www.seleniumhq.org/exceptions/no_such_element.html
Build info: version: '3.141.59', revision: 'e82be7d358', time: '2018-11-14T08:17:03'
System info: host: 'ERD-L162', ip: '192.168.137.1', os.name: 'Windows 10', os.arch: 'amd64', os.version: '10.0', java.version: '1.8.0_161'
Driver info: driver.version: unknown
For documentation on this error, please visit: https://www.seleniumhq.org/exceptions/no_such_element.html
Build info: version: '3.141.59', revision: 'e82be7d358', time: '2018-11-14T08:17:03'
System info: host: 'ERD-L162', ip: '192.168.137.1', os.name: 'Windows 10', os.arch: 'amd64', os.version: '10.0', java.version: '1.8.0_161'
Driver info: driver.version: unknown
	at com.indigo.fuzzy.selenium.controls.ControlSelectors.clickElementById(ControlSelectors.java:1525)
	at com.indigo.fuzzy.selenium.core.FusionSignout.fusionSignout(FusionSignout.java:47)
	at sun.reflect.NativeMethodAccessorImpl.invoke0(Native Method)
	at sun.reflect.NativeMethodAccessorImpl.invoke(Unknown Source)
	at sun.reflect.DelegatingMethodAccessorImpl.invoke(Unknown Source)
	at java.lang.reflect.Method.invoke(Unknown Source)
	at org.testng.internal.MethodInvocationHelper.invokeMethod(MethodInvocationHelper.java:86)
	at org.testng.internal.Invoker.invokeMethod(Invoker.java:643)
	at org.testng.internal.Invoker.invokeTestMethod(Invoker.java:820)
	at org.testng.internal.Invoker.invokeTestMethods(Invoker.java:1128)
	at org.testng.internal.TestMethodWorker.invokeTestMethods(TestMethodWorker.java:129)
	at org.testng.internal.TestMethodWorker.run(TestMethodWorker.java:112)
	at org.testng.TestRunner.privateRun(TestRunner.java:782)
	at org.testng.TestRunner.run(TestRunner.java:632)
	at org.testng.SuiteRunner.runTest(SuiteRunner.java:366)
	at org.testng.SuiteRunner.runSequentially(SuiteRunner.java:361)
	at org.testng.SuiteRunner.privateRun(SuiteRunner.java:319)
	at org.testng.SuiteRunner.run(SuiteRunner.java:268)
	at org.testng.SuiteRunnerWorker.runSuite(SuiteRunnerWorker.java:52)
	at org.testng.SuiteRunnerWorker.run(SuiteRunnerWorker.java:86)
	at org.testng.TestNG.runSuitesSequentially(TestNG.java:1244)
	at org.testng.TestNG.runSuitesLocally(TestNG.java:1169)
	at org.testng.TestNG.run(TestNG.java:1064)
	at com.indigo.fuzzy.selenium.controls.TestNGParallelConfig.run(TestNGParallelConfig.java:104)
	at java.lang.Thread.run(Unknown Source)
]]>
            </full-stacktrace>
          </exception> <!-- org.openqa.selenium.NoSuchElementException -->
          <reporter-output>
          </reporter-output>
        </test-method> <!-- fusionSignout -->
      </class> <!-- com.indigo.fuzzy.selenium.core.FusionSignout -->
    </test> <!-- Application SignOut -->
    <test name="Terminate Driver" duration-ms="5919" started-at="2022-10-19T05:01:11Z" finished-at="2022-10-19T05:01:17Z">
      <class name="com.indigo.fuzzy.selenium.core.TerminateDriverInstance">
        <test-method status="PASS" signature="terminate()[pri:0, instance:com.indigo.fuzzy.selenium.core.TerminateDriverInstance@4976eb4]" name="terminate" duration-ms="5847" started-at="2022-10-19T10:31:11Z" finished-at="2022-10-19T10:31:17Z">
          <reporter-output>
          </reporter-output>
        </test-method> <!-- terminate -->
      </class> <!-- com.indigo.fuzzy.selenium.core.TerminateDriverInstance -->
    </test> <!-- Terminate Driver -->
  </suite> <!-- ECM BAT Suite -->
</testng-results>